\BOOKMARK [1][-]{section.1}{\376\377\000I\000n\000t\000r\000o\000d\000u\000c\000t\000i\000o\000n}{}% 1
\BOOKMARK [1][-]{section.2}{\376\377\000C\000r\000y\000p\000t\000o\000g\000r\000a\000p\000h\000i\000c\000\040\000F\000o\000u\000n\000d\000a\000t\000i\000o\000n\000s}{}% 2
\BOOKMARK [2][-]{subsection.2.1}{\376\377\000D\000i\000l\000i\000t\000h\000i\000u\000m\000\040\000M\000L\000-\000D\000S\000A\000-\0004\0004}{section.2}% 3
\BOOKMARK [2][-]{subsection.2.2}{\376\377\000B\000i\000n\000i\000u\000s\0006\0004\000\040\000a\000n\000d\000\040\000A\000V\000X\0002\000-\000A\000c\000c\000e\000l\000e\000r\000a\000t\000e\000d\000\040\000P\000a\000c\000k\000e\000d\000\040\000F\000i\000e\000l\000d\000s}{section.2}% 4
\BOOKMARK [2][-]{subsection.2.3}{\376\377\000P\000r\000a\000c\000t\000i\000c\000a\000l\000\040\000A\000g\000g\000r\000e\000g\000a\000t\000i\000o\000n\000\040\000T\000e\000c\000h\000n\000i\000q\000u\000e\000\040\000\050\000P\000A\000T\000\051}{section.2}% 5
\BOOKMARK [1][-]{section.3}{\376\377\000L\000a\000t\000t\000i\000c\000e\000F\000o\000l\000d\000+\000\040\000V\000e\000r\000i\000f\000i\000c\000a\000t\000i\000o\000n}{}% 6
\BOOKMARK [2][-]{subsection.3.1}{\376\377\000T\000h\000e\000\040\000V\000e\000r\000i\000f\000i\000e\000r}{section.3}% 7
\BOOKMARK [1][-]{section.4}{\376\377\000C\000o\000n\000s\000e\000n\000s\000u\000s\000\040\000L\000a\000y\000e\000r\000\040\000M\000o\000d\000i\000f\000i\000c\000a\000t\000i\000o\000n\000s}{}% 8
\BOOKMARK [2][-]{subsection.4.1}{\376\377\000N\000e\000w\000\040\000O\000p\000c\000o\000d\000e\000s}{section.4}% 9
\BOOKMARK [2][-]{subsection.4.2}{\376\377\000S\000t\000r\000i\000c\000t\000\040\000P\000o\000s\000t\000-\000Q\000u\000a\000n\000t\000u\000m\000\040\000E\000n\000f\000o\000r\000c\000e\000m\000e\000n\000t}{section.4}% 10
\BOOKMARK [1][-]{section.5}{\376\377\000H\000a\000r\000d\000w\000a\000r\000e\000\040\000V\000a\000l\000i\000d\000a\000t\000i\000o\000n\000:\000\040\000A\000S\000I\000C\000\040\000C\000o\000m\000p\000a\000t\000i\000b\000i\000l\000i\000t\000y}{}% 11
\BOOKMARK [2][-]{subsection.5.1}{\376\377\000T\000e\000s\000t\000\040\000C\000o\000n\000f\000i\000g\000u\000r\000a\000t\000i\000o\000n}{section.5}% 12
\BOOKMARK [2][-]{subsection.5.2}{\376\377\000R\000e\000s\000u\000l\000t\000s}{section.5}% 13
\BOOKMARK [1][-]{section.6}{\376\377\000P\000e\000r\000f\000o\000r\000m\000a\000n\000c\000e\000\040\000E\000v\000a\000l\000u\000a\000t\000i\000o\000n}{}% 14
\BOOKMARK [2][-]{subsection.6.1}{\376\377\000T\000e\000s\000t\000\040\000E\000n\000v\000i\000r\000o\000n\000m\000e\000n\000t}{section.6}% 15
\BOOKMARK [2][-]{subsection.6.2}{\376\377\000C\000r\000y\000p\000t\000o\000g\000r\000a\000p\000h\000i\000c\000\040\000B\000e\000n\000c\000h\000m\000a\000r\000k\000s}{section.6}% 16
\BOOKMARK [2][-]{subsection.6.3}{\376\377\000N\000e\000t\000w\000o\000r\000k\000\040\000C\000o\000n\000s\000e\000n\000s\000u\000s\000\040\000T\000e\000s\000t\000i\000n\000g}{section.6}% 17
\BOOKMARK [2][-]{subsection.6.4}{\376\377\000S\000e\000c\000u\000r\000i\000t\000y\000\040\000A\000n\000a\000l\000y\000s\000i\000s}{section.6}% 18
\BOOKMARK [1][-]{section.7}{\376\377\000C\000o\000n\000c\000l\000u\000s\000i\000o\000n}{}% 19
\BOOKMARK [2][-]{subsection.7.1}{\376\377\000F\000a\000i\000r\000\040\000L\000a\000u\000n\000c\000h\000\040\000P\000a\000r\000a\000m\000e\000t\000e\000r\000s}{section.7}% 20
